[    0.000000] Initializing cgroup subsys cpuset
[    0.000000] Initializing cgroup subsys cpu
[    0.000000] Initializing cgroup subsys cpuacct
[    0.000000] Linux version 4.4.0-193-generic (buildd@lgw01-amd64-024) (gcc version 5.4.0 20160609 (Ubuntu 5.4.0-6ubuntu1~16.04.12) ) #224-Ubuntu SMP Tue Oct 6 17:15:28 UTC 2020 (Ubuntu 4.4.0-193.224-generic 4.4.236)
[    0.000000] Command line: BOOT_IMAGE=/boot/vmlinuz-4.4.0-193-generic root=LABEL=cloudimg-rootfs ro console=tty1 console=ttyS0
[    0.000000] KERNEL supported cpus:
[    0.000000]   Intel GenuineIntel
[    0.000000]   AMD AuthenticAMD
[    0.000000]   Centaur CentaurHauls
[    0.000000] x86/fpu: xstate_offset[2]:  576, xstate_sizes[2]:  256
[    0.000000] x86/fpu: Supporting XSAVE feature 0x01: 'x87 floating point registers'
[    0.000000] x86/fpu: Supporting XSAVE feature 0x02: 'SSE registers'
[    0.000000] x86/fpu: Supporting XSAVE feature 0x04: 'AVX registers'
[    0.000000] x86/fpu: Enabled xstate features 0x7, context size is 832 bytes, using 'standard' format.
[    0.000000] e820: BIOS-provided physical RAM map:
[    0.000000] BIOS-e820: [mem 0x0000000000000000-0x000000000009fbff] usable
[    0.000000] BIOS-e820: [mem 0x000000000009fc00-0x000000000009ffff] reserved
[    0.000000] BIOS-e820: [mem 0x00000000000f0000-0x00000000000fffff] reserved
[    0.000000] BIOS-e820: [mem 0x0000000000100000-0x000000007ffeffff] usable
[    0.000000] BIOS-e820: [mem 0x000000007fff0000-0x000000007fffffff] ACPI data
[    0.000000] BIOS-e820: [mem 0x00000000fec00000-0x00000000fec00fff] reserved
[    0.000000] BIOS-e820: [mem 0x00000000fee00000-0x00000000fee00fff] reserved
[    0.000000] BIOS-e820: [mem 0x00000000fffc0000-0x00000000ffffffff] reserved
[    0.000000] NX (Execute Disable) protection: active
[    0.000000] SMBIOS 2.5 present.
[    0.000000] Hypervisor detected: KVM
[    0.000000] e820: last_pfn = 0x7fff0 max_arch_pfn = 0x400000000
[    0.000000] MTRR: Disabled
[    0.000000] x86/PAT: MTRRs disabled, skipping PAT initialization too.
[    0.000000] CPU MTRRs all blank - virtualized system.
[    0.000000] x86/PAT: Configuration [0-7]: WB  WT  UC- UC  WB  WT  UC- UC  
[    0.000000] found SMP MP-table at [mem 0x0009fff0-0x0009ffff] mapped at [ffff88000009fff0]
[    0.000000] Scanning 1 areas for low memory corruption
[    0.000000] RAMDISK: [mem 0x362de000-0x37166fff]
[    0.000000] ACPI: Early table checksum verification disabled
[    0.000000] ACPI: RSDP 0x00000000000E0000 000024 (v02 VBOX  )
[    0.000000] ACPI: XSDT 0x000000007FFF0030 00003C (v01 VBOX   VBOXXSDT 00000001 ASL  00000061)
[    0.000000] ACPI: FACP 0x000000007FFF00F0 0000F4 (v04 VBOX   VBOXFACP 00000001 ASL  00000061)
[    0.000000] ACPI: DSDT 0x000000007FFF0480 002325 (v02 VBOX   VBOXBIOS 00000002 INTL 20100528)
[    0.000000] ACPI: FACS 0x000000007FFF0200 000040
[    0.000000] ACPI: FACS 0x000000007FFF0200 000040
[    0.000000] ACPI: APIC 0x000000007FFF0240 00006C (v02 VBOX   VBOXAPIC 00000001 ASL  00000061)
[    0.000000] ACPI: SSDT 0x000000007FFF02B0 0001CC (v01 VBOX   VBOXCPUT 00000002 INTL 20100528)
[    0.000000] No NUMA configuration found
[    0.000000] Faking a node at [mem 0x0000000000000000-0x000000007ffeffff]
[    0.000000] NODE_DATA(0) allocated [mem 0x7ffeb000-0x7ffeffff]
[    0.000000] kvm-clock: Using msrs 4b564d01 and 4b564d00
[    0.000000] kvm-clock: cpu 0, msr 0:7ffe3001, primary cpu clock
[    0.000000] kvm-clock: using sched offset of 3745408976 cycles
[    0.000000] clocksource: kvm-clock: mask: 0xffffffffffffffff max_cycles: 0x1cd42e4dffb, max_idle_ns: 881590591483 ns
[    0.000000] Zone ranges:
[    0.000000]   DMA      [mem 0x0000000000001000-0x0000000000ffffff]
[    0.000000]   DMA32    [mem 0x0000000001000000-0x000000007ffeffff]
[    0.000000]   Normal   empty
[    0.000000]   Device   empty
[    0.000000] Movable zone start for each node
[    0.000000] Early memory node ranges
[    0.000000]   node   0: [mem 0x0000000000001000-0x000000000009efff]
[    0.000000]   node   0: [mem 0x0000000000100000-0x000000007ffeffff]
[    0.000000] Initmem setup node 0 [mem 0x0000000000001000-0x000000007ffeffff]
[    0.000000] ACPI: PM-Timer IO Port: 0x4008
[    0.000000] IOAPIC[0]: apic_id 4, version 32, address 0xfec00000, GSI 0-23
[    0.000000] ACPI: INT_SRC_OVR (bus 0 bus_irq 0 global_irq 2 dfl dfl)
[    0.000000] ACPI: INT_SRC_OVR (bus 0 bus_irq 9 global_irq 9 low level)
[    0.000000] Using ACPI (MADT) for SMP configuration information
[    0.000000] smpboot: Allowing 4 CPUs, 0 hotplug CPUs
[    0.000000] PM: Registered nosave memory: [mem 0x00000000-0x00000fff]
[    0.000000] PM: Registered nosave memory: [mem 0x0009f000-0x0009ffff]
[    0.000000] PM: Registered nosave memory: [mem 0x000a0000-0x000effff]
[    0.000000] PM: Registered nosave memory: [mem 0x000f0000-0x000fffff]
[    0.000000] e820: [mem 0x80000000-0xfebfffff] available for PCI devices
[    0.000000] Booting paravirtualized kernel on KVM
[    0.000000] clocksource: refined-jiffies: mask: 0xffffffff max_cycles: 0xffffffff, max_idle_ns: 7645519600211568 ns
[    0.000000] setup_percpu: NR_CPUS:512 nr_cpumask_bits:512 nr_cpu_ids:4 nr_node_ids:1
[    0.000000] PERCPU: Embedded 33 pages/cpu @ffff88007fc00000 s95512 r8192 d31464 u524288
[    0.000000] Built 1 zonelists in Node order, mobility grouping on.  Total pages: 515960
[    0.000000] Policy zone: DMA32
[    0.000000] Kernel command line: BOOT_IMAGE=/boot/vmlinuz-4.4.0-193-generic root=LABEL=cloudimg-rootfs ro console=tty1 console=ttyS0
[    0.000000] PID hash table entries: 4096 (order: 3, 32768 bytes)
[    0.000000] Memory: 2029588K/2096696K available (8640K kernel code, 1337K rwdata, 4040K rodata, 1492K init, 1296K bss, 67108K reserved, 0K cma-reserved)
[    0.000000] SLUB: HWalign=64, Order=0-3, MinObjects=0, CPUs=4, Nodes=1
[    0.000000] Kernel/User page tables isolation: enabled
[    0.000000] Hierarchical RCU implementation.
[    0.000000] 	Build-time adjustment of leaf fanout to 64.
[    0.000000] 	RCU restricting CPUs from NR_CPUS=512 to nr_cpu_ids=4.
[    0.000000] RCU: Adjusting geometry for rcu_fanout_leaf=64, nr_cpu_ids=4
[    0.000000] NR_IRQS:33024 nr_irqs:456 16
[    0.000000] Console: colour VGA+ 80x25
[    0.000000] console [tty1] enabled
[    0.000000] console [ttyS0] enabled
[    0.000000] tsc: Detected 2494.226 MHz processor
[    0.195891] Calibrating delay loop (skipped) preset value.. 4988.45 BogoMIPS (lpj=9976904)
[    0.197859] pid_max: default: 32768 minimum: 301
[    0.198909] ACPI: Core revision 20150930
[    0.200729] ACPI: 2 ACPI AML tables successfully acquired and loaded
[    0.202314] Security Framework initialized
[    0.203274] Yama: becoming mindful.
[    0.204152] AppArmor: AppArmor initialized
[    0.208730] Dentry cache hash table entries: 262144 (order: 9, 2097152 bytes)
[    0.210651] Inode-cache hash table entries: 131072 (order: 8, 1048576 bytes)
[    0.215823] Mount-cache hash table entries: 4096 (order: 3, 32768 bytes)
[    0.217305] Mountpoint-cache hash table entries: 4096 (order: 3, 32768 bytes)
[    0.219108] Initializing cgroup subsys io
[    0.220069] Initializing cgroup subsys memory
[    0.221088] Initializing cgroup subsys devices
[    0.222100] Initializing cgroup subsys freezer
[    0.223141] Initializing cgroup subsys net_cls
[    0.224151] Initializing cgroup subsys perf_event
[    0.225219] Initializing cgroup subsys net_prio
[    0.226257] Initializing cgroup subsys hugetlb
[    0.227301] Initializing cgroup subsys pids
[    0.229283] mce: CPU supports 0 MCE banks
[    0.230316] Last level iTLB entries: 4KB 1024, 2MB 1024, 4MB 1024
[    0.231643] Last level dTLB entries: 4KB 1024, 2MB 1024, 4MB 1024, 1GB 4
[    0.233065] Spectre V1 : Mitigation: usercopy/swapgs barriers and __user pointer sanitization
[    0.235001] Spectre V2 : Mitigation: Full generic retpoline
[    0.236315] Spectre V2 : Spectre v2 / SpectreRSB mitigation: Filling RSB on context switch
[    0.238269] Speculative Store Bypass: Vulnerable
[    0.239343] SRBDS: Unknown: Dependent on hypervisor status
[    0.240633] MDS: Mitigation: Clear CPU buffers
[    0.244428] Freeing SMP alternatives memory: 36K
[    0.251673] ftrace: allocating 32346 entries in 127 pages
[    0.311348] smpboot: APIC(0) Converting physical 0 to logical package 0
[    0.312806] smpboot: Max logical packages: 1
[    0.314047] x2apic enabled
[    0.315030] Switched APIC routing to physical x2apic.
[    0.317290] ..TIMER: vector=0x30 apic1=0 pin1=2 apic2=-1 pin2=-1
[    0.426860] smpboot: CPU0: Intel(R) Core(TM) i5-4200M CPU @ 2.50GHz (family: 0x6, model: 0x3c, stepping: 0x3)
[    0.429391] Performance Events: unsupported p6 CPU model 60 no PMU driver, software events only.
[    0.444745] KVM setup paravirtual spinlock
[    0.450490] x86: Booting SMP configuration:
[    0.451558] .... node  #0, CPUs:      #1
[    0.452684] kvm-clock: cpu 1, msr 0:7ffe3041, secondary cpu clock
[    0.454670] mce: CPU supports 0 MCE banks
[    0.457494]  #2
[    0.458102] kvm-clock: cpu 2, msr 0:7ffe3081, secondary cpu clock
[    0.460155] mce: CPU supports 0 MCE banks
[    0.462948]  #3
[    0.463546] kvm-clock: cpu 3, msr 0:7ffe30c1, secondary cpu clock
[    0.465536] mce: CPU supports 0 MCE banks
[    0.468272] x86: Booted up 1 node, 4 CPUs
[    0.469386] smpboot: Total of 4 processors activated (19953.80 BogoMIPS)
[    0.471068] devtmpfs: initialized
[    0.473206] evm: security.selinux
[    0.473972] evm: security.SMACK64
[    0.474705] evm: security.SMACK64EXEC
[    0.475583] evm: security.SMACK64TRANSMUTE
[    0.476431] evm: security.SMACK64MMAP
[    0.477212] evm: security.ima
[    0.477951] evm: security.capability
[    0.479092] clocksource: jiffies: mask: 0xffffffff max_cycles: 0xffffffff, max_idle_ns: 7645041785100000 ns
[    0.480989] futex hash table entries: 1024 (order: 4, 65536 bytes)
[    0.482445] pinctrl core: initialized pinctrl subsystem
[    0.483750] RTC time: 20:08:07, date: 10/24/20
[    0.484991] NET: Registered protocol family 16
[    0.497017] cpuidle: using governor ladder
[    0.510075] cpuidle: using governor menu
[    0.511319] PCCT header not found.
[    0.512242] ACPI: bus type PCI registered
[    0.513191] acpiphp: ACPI Hot Plug PCI Controller Driver version: 0.5
[    0.514722] PCI: Using configuration type 1 for base access
[    0.533403] ACPI: Added _OSI(Module Device)
[    0.534526] ACPI: Added _OSI(Processor Device)
[    0.535634] ACPI: Added _OSI(3.0 _SCP Extensions)
[    0.536690] ACPI: Added _OSI(Processor Aggregator Device)
[    0.538697] ACPI: Executed 1 blocks of module-level executable AML code
[    0.542180] ACPI: Interpreter enabled
[    0.543187] ACPI: (supports S0 S5)
[    0.544036] ACPI: Using IOAPIC for interrupt routing
[    0.545372] PCI: Using host bridge windows from ACPI; if necessary, use "pci=nocrs" and report a bug
[    0.551163] ACPI: PCI Root Bridge [PCI0] (domain 0000 [bus 00-ff])
[    0.552532] acpi PNP0A03:00: _OSC: OS supports [ASPM ClockPM Segments MSI]
[    0.554342] acpi PNP0A03:00: _OSC: not requesting OS control; OS requires [ExtendedConfig ASPM ClockPM MSI]
[    0.556476] acpi PNP0A03:00: fail to add MMCONFIG information, can't access extended PCI configuration space under this bridge.
[    0.559329] PCI host bridge to bus 0000:00
[    0.560333] pci_bus 0000:00: root bus resource [io  0x0000-0x0cf7 window]
[    0.561836] pci_bus 0000:00: root bus resource [io  0x0d00-0xffff window]
[    0.563369] pci_bus 0000:00: root bus resource [mem 0x000a0000-0x000bffff window]
[    0.565131] pci_bus 0000:00: root bus resource [mem 0x80000000-0xfdffffff window]
[    0.566956] pci_bus 0000:00: root bus resource [bus 00-ff]
[    0.570186] pci 0000:00:01.1: legacy IDE quirk: reg 0x10: [io  0x01f0-0x01f7]
[    0.571775] pci 0000:00:01.1: legacy IDE quirk: reg 0x14: [io  0x03f6]
[    0.573129] pci 0000:00:01.1: legacy IDE quirk: reg 0x18: [io  0x0170-0x0177]
[    0.583983] pci 0000:00:01.1: legacy IDE quirk: reg 0x1c: [io  0x0376]
[    0.636083] pci 0000:00:07.0: quirk: [io  0x4000-0x403f] claimed by PIIX4 ACPI
[    0.637900] pci 0000:00:07.0: quirk: [io  0x4100-0x410f] claimed by PIIX4 SMB
[    0.674150] ACPI: PCI Interrupt Link [LNKA] (IRQs 5 9 10 *11)
[    0.676219] ACPI: PCI Interrupt Link [LNKB] (IRQs 5 9 *10 11)
[    0.678226] ACPI: PCI Interrupt Link [LNKC] (IRQs 5 *9 10 11)
[    0.680005] ACPI: PCI Interrupt Link [LNKD] (IRQs 5 9 10 *11)
[    0.681929] ACPI: Enabled 2 GPEs in block 00 to 07
[    0.683678] vgaarb: setting as boot device: PCI:0000:00:02.0
[    0.684806] vgaarb: device added: PCI:0000:00:02.0,decodes=io+mem,owns=io+mem,locks=none
[    0.686451] vgaarb: loaded
[    0.687190] vgaarb: bridge control possible 0000:00:02.0
[    0.688739] SCSI subsystem initialized
[    0.693652] ACPI: bus type USB registered
[    0.694840] usbcore: registered new interface driver usbfs
[    0.696064] usbcore: registered new interface driver hub
[    0.697404] usbcore: registered new device driver usb
[    0.699054] PCI: Using ACPI for IRQ routing
[    0.700353] NetLabel: Initializing
[    0.701212] NetLabel:  domain hash size = 128
[    0.702300] NetLabel:  protocols = UNLABELED CIPSOv4
[    0.703527] NetLabel:  unlabeled traffic allowed by default
[    0.704961] amd_nb: Cannot enumerate AMD northbridges
[    0.706227] clocksource: Switched to clocksource kvm-clock
[    0.720382] AppArmor: AppArmor Filesystem Enabled
[    0.721591] pnp: PnP ACPI init
[    0.723207] pnp: PnP ACPI: found 3 devices
[    0.734682] clocksource: acpi_pm: mask: 0xffffff max_cycles: 0xffffff, max_idle_ns: 2085701024 ns
[    0.736741] NET: Registered protocol family 2
[    0.737926] TCP established hash table entries: 16384 (order: 5, 131072 bytes)
[    0.739738] TCP bind hash table entries: 16384 (order: 6, 262144 bytes)
[    0.741167] TCP: Hash tables configured (established 16384 bind 16384)
[    0.742595] UDP hash table entries: 1024 (order: 3, 32768 bytes)
[    0.743908] UDP-Lite hash table entries: 1024 (order: 3, 32768 bytes)
[    0.745341] NET: Registered protocol family 1
[    0.746398] pci 0000:00:00.0: Limiting direct PCI/PCI transfers
[    0.747714] pci 0000:00:01.0: Activating ISA DMA hang workarounds
[    0.749264] Unpacking initramfs...
[    1.034854] Freeing initrd memory: 14884K
[    1.035845] RAPL PMU detected, API unit is 2^-32 Joules, 4 fixed counters 10737418240 ms ovfl timer
[    1.037664] hw unit of domain pp0-core 2^-0 Joules
[    1.038649] hw unit of domain package 2^-0 Joules
[    1.039596] hw unit of domain dram 2^-0 Joules
[    1.040496] hw unit of domain pp1-gpu 2^-0 Joules
[    1.041437] clocksource: tsc: mask: 0xffffffffffffffff max_cycles: 0x23f3eb3743e, max_idle_ns: 440795257847 ns
[    1.043435] platform rtc_cmos: registered platform RTC device (no PNP device found)
[    1.045034] Scanning for low memory corruption every 60 seconds
[    1.046750] audit: initializing netlink subsys (disabled)
[    1.047984] audit: type=2000 audit(1603570093.156:1): initialized
[    1.049553] Initialise system trusted keyring
[    1.050958] HugeTLB registered 2 MB page size, pre-allocated 0 pages
[    1.053369] zbud: loaded
[    1.054683] VFS: Disk quotas dquot_6.6.0
[    1.055655] VFS: Dquot-cache hash table entries: 512 (order 0, 4096 bytes)
[    1.057312] squashfs: version 4.0 (2009/01/31) Phillip Lougher
[    1.062358] fuse init (API version 7.23)
[    1.063549] Key type big_key registered
[    1.064506] Allocating IMA MOK and blacklist keyrings.
[    1.067699] Key type asymmetric registered
[    1.068590] Asymmetric key parser 'x509' registered
[    1.069604] Block layer SCSI generic (bsg) driver version 0.4 loaded (major 249)
[    1.071370] io scheduler noop registered
[    1.072226] io scheduler deadline registered (default)
[    1.073278] io scheduler cfq registered
[    1.074247] pci_hotplug: PCI Hot Plug PCI Core version: 0.5
[    1.075407] pciehp: PCI Express Hot Plug Controller Driver version: 0.4
[    1.076792] ACPI: AC Adapter [AC] (on-line)
[    1.077808] input: Power Button as /devices/LNXSYSTM:00/LNXPWRBN:00/input/input0
[    1.079434] ACPI: Power Button [PWRF]
[    1.080314] input: Sleep Button as /devices/LNXSYSTM:00/LNXSLPBN:00/input/input1
[    1.082051] ACPI: Sleep Button [SLPF]
[    1.083257] GHES: HEST is not enabled!
[    1.083913] ACPI: Battery Slot [BAT0] (battery present)
[    1.085583] Serial: 8250/16550 driver, 32 ports, IRQ sharing enabled
[    1.107654] 00:02: ttyS0 at I/O 0x3f8 (irq = 4, base_baud = 115200) is a 16550A
[    1.112422] Linux agpgart interface v0.103
[    1.115781] loop: module loaded
[    1.117175] scsi host0: ata_piix
[    1.118109] scsi host1: ata_piix
[    1.118932] ata1: PATA max UDMA/33 cmd 0x1f0 ctl 0x3f6 bmdma 0xd000 irq 14
[    1.120218] ata2: PATA max UDMA/33 cmd 0x170 ctl 0x376 bmdma 0xd008 irq 15
[    1.121578] libphy: Fixed MDIO Bus: probed
[    1.122570] tun: Universal TUN/TAP device driver, 1.6
[    1.123687] tun: (C) 1999-2004 Max Krasnyansky <maxk@qualcomm.com>
[    1.124956] PPP generic driver version 2.4.2
[    1.125939] ehci_hcd: USB 2.0 'Enhanced' Host Controller (EHCI) Driver
[    1.127214] ehci-pci: EHCI PCI platform driver
[    1.128185] ehci-platform: EHCI generic platform driver
[    1.129235] ohci_hcd: USB 1.1 'Open' Host Controller (OHCI) Driver
[    1.130416] ohci-pci: OHCI PCI platform driver
[    1.131401] ohci-platform: OHCI generic platform driver
[    1.132442] uhci_hcd: USB Universal Host Controller Interface driver
[    1.133682] i8042: PNP: PS/2 Controller [PNP0303:PS2K,PNP0f03:PS2M] at 0x60,0x64 irq 1,12
[    1.135914] serio: i8042 KBD port at 0x60,0x64 irq 1
[    1.136922] serio: i8042 AUX port at 0x60,0x64 irq 12
[    1.138109] mousedev: PS/2 mouse device common for all mice
[    1.139883] input: AT Translated Set 2 keyboard as /devices/platform/i8042/serio0/input/input2
[    1.141804] rtc_cmos rtc_cmos: rtc core: registered rtc_cmos as rtc0
[    1.143118] rtc_cmos rtc_cmos: alarms up to one day, 114 bytes nvram
[    1.144315] i2c /dev entries driver
[    1.145157] device-mapper: uevent: version 1.0.3
[    1.146185] device-mapper: ioctl: 4.34.0-ioctl (2015-10-28) initialised: dm-devel@redhat.com
[    1.147965] ledtrig-cpu: registered to indicate activity on CPUs
[    1.149699] NET: Registered protocol family 10
[    1.150919] NET: Registered protocol family 17
[    1.151861] Key type dns_resolver registered
[    1.153257] registered taskstats version 1
[    1.154188] Loading compiled-in X.509 certificates
[    1.155821] Loaded X.509 cert 'Build time autogenerated kernel key: 399ad61e9457a71f6b31060684c17f14836880c9'
[    1.157823] zswap: loaded using pool lzo/zbud
[    1.160984] Key type trusted registered
[    1.166451] Key type encrypted registered
[    1.167597] AppArmor: AppArmor sha1 policy hashing enabled
[    1.168862] ima: No TPM chip found, activating TPM-bypass!
[    1.170097] ima: Allocated hash algorithm: sha1
[    1.171219] evm: HMAC attrs: 0x1
[    1.172584]   Magic number: 8:17:145
[    1.173491] ata_port ata2: hash matches
[    1.174418]  ata2: hash matches
[    1.175424] rtc_cmos rtc_cmos: setting system clock to 2020-10-24 20:08:07 UTC (1603570087)
[    1.177527] BIOS EDD facility v0.16 2004-Jun-25, 0 devices found
[    1.178910] EDD information not available.
[    1.308758] Freeing unused kernel memory: 1492K
[    1.310484] Write protecting the kernel read-only data: 14336k
[    1.313253] Freeing unused kernel memory: 1588K
[    1.315274] Freeing unused kernel memory: 56K
Loading, please wait...
starting version 229
[    1.344743] random: systemd-udevd: uninitialized urandom read (16 bytes read, 2 bits of entropy available)
[    1.345535] random: udevadm: uninitialized urandom read (16 bytes read, 2 bits of entropy available)
[    1.345556] random: udevadm: uninitialized urandom read (16 bytes read, 2 bits of entropy available)
[    1.353561] random: systemd-udevd: uninitialized urandom read (16 bytes read, 2 bits of entropy available)
[    1.356688] random: systemd-udevd: uninitialized urandom read (16 bytes read, 2 bits of entropy available)
[    1.358155] random: udevadm: uninitialized urandom read (16 bytes read, 2 bits of entropy available)
[    1.358224] random: udevadm: uninitialized urandom read (16 bytes read, 2 bits of entropy available)
[    1.358664] random: udevadm: uninitialized urandom read (16 bytes read, 2 bits of entropy available)
[    1.358740] random: udevadm: uninitialized urandom read (16 bytes read, 2 bits of entropy available)
[    1.358816] random: udevadm: uninitialized urandom read (16 bytes read, 2 bits of entropy available)
[    1.404407] e1000: Intel(R) PRO/1000 Network Driver - version 7.3.21-k8-NAPI
[    1.407279] e1000: Copyright (c) 1999-2006 Intel Corporation.
[    1.415777] Fusion MPT base driver 3.04.20
[    1.418009] Copyright (c) 1999-2008 LSI Corporation
[    1.426874] Fusion MPT SPI Host driver 3.04.20
[    1.440774] AVX2 version of gcm_enc/dec engaged.
[    1.442034] AES CTR mode by8 optimization enabled
[    1.626903] input: ImExPS/2 Generic Explorer Mouse as /devices/platform/i8042/serio1/input/input4
[    1.778828] e1000 0000:00:03.0 eth0: (PCI:33MHz:32-bit) 02:e9:98:4f:cb:36
[    1.780131] e1000 0000:00:03.0 eth0: Intel(R) PRO/1000 Network Connection
[    2.294710] e1000 0000:00:08.0 eth1: (PCI:33MHz:32-bit) 08:00:27:e2:6f:a0
[    2.298006] e1000 0000:00:08.0 eth1: Intel(R) PRO/1000 Network Connection
[    2.303425] mptbase: ioc0: Initiating bringup
[    2.305679] e1000 0000:00:08.0 enp0s8: renamed from eth1
[    2.323024] e1000 0000:00:03.0 enp0s3: renamed from eth0
[    2.371115] ioc0: LSI53C1030 A0: Capabilities={Initiator}
[    2.543368] scsi host2: ioc0: LSI53C1030 A0, FwRev=00000000h, Ports=1, MaxQ=256, IRQ=20
[    2.696000] scsi 2:0:0:0: Direct-Access     VBOX     HARDDISK         1.0  PQ: 0 ANSI: 5
[    2.703823] scsi target2:0:0: Beginning Domain Validation
[    2.713539] scsi target2:0:0: Domain Validation skipping write tests
[    2.718462] scsi target2:0:0: Ending Domain Validation
[    2.723449] scsi target2:0:0: asynchronous
[    2.730727] scsi 2:0:1:0: Direct-Access     VBOX     HARDDISK         1.0  PQ: 0 ANSI: 5
[    2.735882] scsi target2:0:1: Beginning Domain Validation
[    2.739525] scsi target2:0:1: Domain Validation skipping write tests
[    2.741461] scsi target2:0:1: Ending Domain Validation
[    2.743169] scsi target2:0:1: asynchronous
[    2.759505] sd 2:0:0:0: Attached scsi generic sg0 type 0
[    2.761465] sd 2:0:0:0: [sda] 20971520 512-byte logical blocks: (10.7 GB/10.0 GiB)
[    2.761967] sd 2:0:1:0: [sdb] 20480 512-byte logical blocks: (10.5 MB/10.0 MiB)
[    2.762426] sd 2:0:1:0: [sdb] Write Protect is off
[    2.762829] sd 2:0:1:0: [sdb] Incomplete mode parameter data
[    2.762832] sd 2:0:1:0: [sdb] Assuming drive cache: write through
[    2.763585] sd 2:0:1:0: Attached scsi generic sg1 type 0
[    2.767238] sd 2:0:1:0: [sdb] Attached SCSI disk
[    2.777739] sd 2:0:0:0: [sda] Write Protect is off
[    2.779856] sd 2:0:0:0: [sda] Incomplete mode parameter data
[    2.781809] sd 2:0:0:0: [sda] Assuming drive cache: write through
[    2.786330]  sda: sda1
[    2.789016] sd 2:0:0:0: [sda] Attached SCSI disk
Begin: Loading essential drivers ... [    4.187201] md: linear personality registered for level -1
[    4.194086] md: multipath personality registered for level -4
[    4.201022] md: raid0 personality registered for level 0
[    4.213066] md: raid1 personality registered for level 1
[    4.294431] raid6: sse2x1   gen()  5813 MB/s
[    4.362794] raid6: sse2x1   xor()  6400 MB/s
[    4.430263] raid6: sse2x2   gen() 11106 MB/s
[    4.498668] raid6: sse2x2   xor()  7299 MB/s
[    4.566849] raid6: sse2x4   gen() 13416 MB/s
[    4.634713] raid6: sse2x4   xor()  9375 MB/s
[    4.703043] raid6: avx2x1   gen() 17949 MB/s
[    4.771359] raid6: avx2x2   gen() 21152 MB/s
[    4.838297] raid6: avx2x4   gen() 21881 MB/s
[    4.839381] raid6: using algorithm avx2x4 gen() 21881 MB/s
[    4.840651] raid6: using avx2x2 recovery algorithm
[    4.843142] xor: automatically using best checksumming function:
[    4.882300]    avx       : 23177.000 MB/sec
[    4.884864] async_tx: api initialized (async)
[    4.900845] md: raid6 personality registered for level 6
[    4.902332] md: raid5 personality registered for level 5
[    4.903493] md: raid4 personality registered for level 4
[    4.914235] md: raid10 personality registered for level 10
done.
Begin: Running /scripts/init-premount ... done.
Begin: Mounting root file system ... Begin: Running /scripts/local-top ... done.
Begin: Running /scripts/local-premount ... [    4.952051] Btrfs loaded
Scanning for Btrfs filesystems
done.
Warning: fsck not present, so skipping root file system
[    5.007289] EXT4-fs (sda1): mounted filesystem with ordered data mode. Opts: (null)
done.
Begin: Running /scripts/local-bottom ... done.
Begin: Running /scripts/init-bottom ... done.
[    5.268453] systemd[1]: systemd 229 running in system mode. (+PAM +AUDIT +SELINUX +IMA +APPARMOR +SMACK +SYSVINIT +UTMP +LIBCRYPTSETUP +GCRYPT +GNUTLS +ACL +XZ -LZ4 +SECCOMP +BLKID +ELFUTILS +KMOD -IDN)
[    5.272587] systemd[1]: Detected virtualization oracle.
[    5.273930] systemd[1]: Detected architecture x86-64.

Welcome to [1mUbuntu 16.04.7 LTS[0m!

[    5.287375] systemd[1]: Set hostname to <ubuntu-xenial>.
[    5.595513] systemd[1]: Reached target User and Group Name Lookups.
[[0;32m  OK  [0m] Reached target User and Group Name Lookups.
[    5.598984] systemd[1]: Listening on Journal Socket.
[[0;32m  OK  [0m] Listening on Journal Socket.
[    5.601662] systemd[1]: Listening on udev Control Socket.
[[0;32m  OK  [0m] Listening on udev Control Socket.
[    5.603885] systemd[1]: Started Trigger resolvconf update for networkd DNS.
[[0;32m  OK  [0m] Started Trigger resolvconf update for networkd DNS.
[    5.606461] systemd[1]: Listening on Journal Socket (/dev/log).
[[0;32m  OK  [0m] Listening on Journal Socket (/dev/log).
[    5.608781] systemd[1]: Listening on udev Kernel Socket.
[[0;32m  OK  [0m] Listening on udev Kernel Socket.
[    5.618967] systemd[1]: Listening on Device-mapper event daemon FIFOs.
[[0;32m  OK  [0m] Listening on Device-mapper event daemon FIFOs.
[    5.621723] systemd[1]: Listening on LVM2 metadata daemon socket.
[[0;32m  OK  [0m] Listening on LVM2 metadata daemon socket.
[    5.631013] systemd[1]: Reached target Swap.
[[0;32m  OK  [0m] Reached target Swap.
[    5.634127] systemd[1]: Created slice System Slice.
[[0;32m  OK  [0m] Created slice System Slice.
[    5.651215] systemd[1]: Starting Remount Root and Kernel File Systems...
         Starting Remount Root and Kernel File Systems...
[    5.663369] systemd[1]: Mounting Debug File System...
         Mounting Debug File System...
[    5.668501] systemd[1]: Mounting POSIX Message Queue File System...
         Mounting POSIX Message Queue File System...
[    5.673403] systemd[1]: Mounting Huge Pages File System...
[    5.674126] EXT4-fs (sda1): re-mounted. Opts: (null)
         Mounting Huge Pages File System...
[    5.682736] systemd[1]: Reached target System Time Synchronized.
[[0;32m  OK  [0m] Reached target System Time Synchronized.
[    5.695159] systemd[1]: Listening on Journal Audit Socket.
[[0;32m  OK  [0m] Listening on Journal Audit Socket.
[    5.697736] systemd[1]: Set up automount Arbitrary Executable File Formats File System Automount Point.
[[0;32m  OK  [0m] Set up automount Arbitrary Executab...ats File System Automount Point.
[    5.703448] systemd[1]: Created slice system-serial\x2dgetty.slice.
[[0;32m  OK  [0m] Created slice system-serial\x2dgetty.slice.
[    5.705785] systemd[1]: Listening on /dev/initctl Compatibility Named Pipe.
[[0;32m  OK  [0m] Listening on /dev/initctl Compatibility Named Pipe.
[    5.726635] systemd[1]: Starting Set console keymap...
         Starting Set console keymap...
[    5.734033] systemd[1]: Starting Load Kernel Modules...
         Starting Load Kernel Modules...
[    5.736233] systemd[1]: Started Forward Password Requests to Wall Directory Watch.
[[0;32m  OK  [0m] Started Forward Password Requests to Wall Directory Watch.
[    5.740794] systemd[1]: Starting Monitoring of LVM2 mirrors, snapshots etc. using dmeventd or progress polling...
         Starting Monitoring of LVM2 mirrors... dmeventd or progress polling...
[    5.756253] systemd[1]: Listening on LVM2 poll daemon socket.
[[0;32m  OK  [0m] Listening on LVM2 poll daemon socket.
[    5.760013] systemd[1]: Created slice User and Session Slice.
[[0;32m  OK  [0m] Created slice User and Session Slice.
[    5.762573] systemd[1]: Reached target Slices.
[[0;32m  OK  [0m] Reached target Slices.
[    5.765955] systemd[1]: Starting Create list of required static device nodes for the current kernel...
         Starting Create list of required st... nodes for the current kernel...
[    5.770047] systemd[1]: Listening on Syslog Socket.
[[0;32m  OK  [0m] Listening on Syslog Socket.
[    5.773611] systemd[1]: Starting Uncomplicated firewall...
         Starting Uncomplicated firewall...
[    5.777436] systemd[1]: Starting Nameserver information manager...
         Starting Nameserver information manager...
[    5.786628] systemd[1]: Reached target Encrypted Volumes.
[[0;32m  OK  [0m] Reached target Encrypted Volumes.
[    5.790877] Loading iSCSI transport class v2.0-870.
[    5.792952] systemd[1]: Starting Journal Service...
         Starting Journal Service...
[    5.798872] systemd[1]: Mounted POSIX Message Queue File System.
[[0;32m  OK  [0m] Mounted POSIX Message Queue File System.
[    5.802482] systemd[1]: Mounted Huge Pages File System.
[[0;32m  OK  [0m] Mounted Huge Pages File System.
[    5.805642] systemd[1]: Mounted Debug File System.
[[0;32m  OK  [0m] Mounted Debug File System.
[    5.809274] systemd[1]: Started Remount Root and Kernel File Systems.
[    5.811673] iscsi: registered transport (tcp)
[[0;32m  OK  [0m] Started Remount Root and Kernel File Systems.
[    5.820110] systemd[1]: Started Create list of required static device nodes for the current kernel.
[[0;32m  OK  [0m] Started Create list of required sta...ce nodes for the current kernel.
[    5.826799] systemd[1]: Started Set console keymap.
[[0;32m  OK  [0m] Started Set console keymap.
[    5.838446] systemd[1]: Started Uncomplicated firewall.
[[0;32m  OK  [0m] Started Uncomplicated firewall.
[    5.846125] systemd[1]: Started LVM2 metadata daemon.
[[0;32m  OK  [0m] Started LVM2 metadata daemon.
[    5.854301] systemd[1]: Starting Create Static Device Nodes in /dev...
         Starting Create Static Device Nodes in /dev...
[    5.863272] systemd[1]: Starting udev Coldplug all Devices...
         Starting udev Coldplug all Devices...
[    5.869862] systemd[1]: Starting Load/Save Random Seed...
         Starting Load/Save Random Seed...
[    5.879411] systemd[1]: Started Journal Service.
[[0;32m  OK  [0m] Started Journal Service.
[[0;32m  OK  [0m] Started Nameserver information manager.
         Starting Flush Journal to Persistent Storage...
[[0;32m  OK  [0m] Started Load/Save Random Seed.
[    5.915324] systemd-journald[422]: Received request to flush runtime journal from PID 1
[    5.919536] iscsi: registered transport (iser)
[[0;32m  OK  [0m] Started Flush Journal to Persistent Storage.
[[0;32m  OK  [0m] Started Load Kernel Modules.
         Mounting FUSE Control File System...
         Starting Apply Kernel Variables...
[[0;32m  OK  [0m] Mounted FUSE Control File System.
[[0;32m  OK  [0m] Started Create Static Device Nodes in /dev.
[[0;32m  OK  [0m] Started udev Coldplug all Devices.
         Starting udev Kernel Device Manager...
[[0;32m  OK  [0m] Started Apply Kernel Variables.
[[0;32m  OK  [0m] Started udev Kernel Device Manager.
[[0;32m  OK  [0m] Started Dispatch Password Requests to Console Directory Watch.
[[0;32m  OK  [0m] Found device /dev/ttyS0.
[[0;32m  OK  [0m] Started Monitoring of LVM2 mirrors,...ng dmeventd or progress polling.
[[0;32m  OK  [0m] Reached target Local File Systems (Pre).
[[0;32m  OK  [0m] Reached target Local File Systems.
         Starting Create Volatile Files and Directories...
         Starting Initial cloud-init job (pre-networking)...
         Starting Tell Plymouth To Write Out Runtime Data...
         Starting LSB: AppArmor initialization...
         Starting Set console font and keymap...
         Mounting /vagrant...
[[0;32m  OK  [0m] Started Create Volatile Files and Directories.
[[0;32m  OK  [0m] Started Tell Plymouth To Write Out Runtime Data.
[[0;1;31mFAILED[0m] Failed to mount /vagrant.
See 'systemctl status vagrant.mount' for details.
[[0;32m  OK  [0m] Listening on Load/Save RF Kill Switch Status /dev/rfkill Watch.
         Starting Update UTMP about System Boot/Shutdown...
[[0;32m  OK  [0m] Started LSB: AppArmor initialization.
         Starting Load AppArmor profiles managed internally by snapd...
[[0;32m  OK  [0m] Started Load AppArmor profiles managed internally by snapd.
[[0;32m  OK  [0m] Started Update UTMP about System Boot/Shutdown.
[[0;32m  OK  [0m] Started Set console font and keymap.
[[0;32m  OK  [0m] Created slice system-getty.slice.
[    7.662556] cloud-init[554]: Traceback (most recent call last):
[    7.669280] cloud-init[554]:   File "/usr/bin/cloud-init", line 9, in <module>
[    7.670777] cloud-init[554]:     load_entry_point('cloud-init==20.3', 'console_scripts', 'cloud-init')()
[    7.672645] cloud-init[554]:   File "/usr/lib/python3/dist-packages/pkg_resources/__init__.py", line 542, in load_entry_point
[    7.674834] cloud-init[554]:     return get_distribution(dist).load_entry_point(group, name)
[    7.680913] cloud-init[554]:   File "/usr/lib/python3/dist-packages/pkg_resources/__init__.py", line 2569, in load_entry_point
[    7.683036] cloud-init[554]:     return ep.load()
[    7.684173] cloud-init[554]:   File "/usr/lib/python3/dist-packages/pkg_resources/__init__.py", line 2229, in load
[    7.686149] cloud-init[554]:     return self.resolve()
[    7.692643] cloud-init[554]:   File "/usr/lib/python3/dist-packages/pkg_resources/__init__.py", line 2235, in resolve
[    7.694586] cloud-init[554]:     module = __import__(self.module_name, fromlist=['__name__'], level=0)
[    7.700607] cloud-init[554]:   File "/usr/lib/python3/dist-packages/cloudinit/cmd/main.py", line 29, in <module>
[    7.702489] cloud-init[554]:     from cloudinit import stages
[    7.704107] cloud-init[554]:   File "/usr/lib/python3/dist-packages/cloudinit/stages.py", line 19, in <module>
[    7.705623] cloud-init[554]:     from cloudinit.handlers.cloud_config import CloudConfigPartHandler
[    7.706999] cloud-init[554]:   File "/usr/lib/python3/dist-packages/cloudinit/handlers/cloud_config.py", line 11, in <module>
[    7.708526] cloud-init[554]:     import jsonpatch
[    7.717172] cloud-init[554]:   File "/usr/lib/python3/dist-packages/jsonpatch.py", line 114, in <module>
[    7.718712] cloud-init[554]:     json.load = get_loadjson()
[    7.763854] cloud-init[554]:   File "/usr/lib/python3/dist-packages/jsonpatch.py", line 108, in get_loadjson
[    7.764013] cloud-init[554]:     argspec = inspect.getargspec(json.load)
[    7.764832] cloud-init[554]:   File "/usr/lib/python3.6/inspect.py", line 1082, in getargspec
[    7.765932] cloud-init[554]:     raise ValueError("Function has keyword-only parameters or annotations"
[    7.766529] cloud-init[554]: ValueError: Function has keyword-only parameters or annotations, use getfullargspec() API which can support them
[[0;1;31mFAILED[0m] Failed to start Initial cloud-init job (pre-networking).
See 'systemctl status cloud-init-local.service' for details.
[[0;32m  OK  [0m] Reached target Network (Pre).
[[0;32m  OK  [0m] Started ifup for enp0s3.
         Starting Raise network interfaces...
[[0;32m  OK  [0m] Started ifup for enp0s8.
[[0;32m  OK  [0m] Started Raise network interfaces.
         Starting Initial cloud-init job (metadata service crawler)...
[[0;32m  OK  [0m] Reached target Network.
[   10.814266] cloud-init[1119]: Traceback (most recent call last):
[   10.816674] cloud-init[1119]:   File "/usr/bin/cloud-init", line 9, in <module>
[   10.818144] cloud-init[1119]:     load_entry_point('cloud-init==20.3', 'console_scripts', 'cloud-init')()
[   10.829661] cloud-init[1119]:   File "/usr/lib/python3/dist-packages/pkg_resources/__init__.py", line 542, in load_entry_point
[   10.836779] cloud-init[1119]:     return get_distribution(dist).load_entry_point(group, name)
[   10.843424] cloud-init[1119]:   File "/usr/lib/python3/dist-packages/pkg_resources/__init__.py", line 2569, in load_entry_point
[   10.845785] cloud-init[1119]:     return ep.load()
[   10.847817] cloud-init[1119]:   File "/usr/lib/python3/dist-packages/pkg_resources/__init__.py", line 2229, in load
[   10.854380] cloud-init[1119]:     return self.resolve()
[   10.863767] cloud-init[1119]:   File "/usr/lib/python3/dist-packages/pkg_resources/__init__.py", line 2235, in resolve
[   10.868218] cloud-init[1119]:     module = __import__(self.module_name, fromlist=['__name__'], level=0)
[   10.872555] cloud-init[1119]:   File "/usr/lib/python3/dist-packages/cloudinit/cmd/main.py", line 29, in <module>
[   10.885538] cloud-init[1119]:     from cloudinit import stages
[   10.890996] cloud-init[1119]:   File "/usr/lib/python3/dist-packages/cloudinit/stages.py", line 19, in <module>
[   10.895681] cloud-init[1119]:     from cloudinit.handlers.cloud_config import CloudConfigPartHandler
[   10.899082] cloud-init[1119]:   File "/usr/lib/python3/dist-packages/cloudinit/handlers/cloud_config.py", line 11, in <module>
[   10.903860] cloud-init[1119]:     import jsonpatch
[   10.905609] cloud-init[1119]:   File "/usr/lib/python3/dist-packages/jsonpatch.py", line 114, in <module>
[   10.910087] cloud-init[1119]:     json.load = get_loadjson()
[   10.922480] cloud-init[1119]:   File "/usr/lib/python3/dist-packages/jsonpatch.py", line 108, in get_loadjson
[   10.926568] cloud-init[1119]:     argspec = inspect.getargspec(json.load)
[   10.928765] cloud-init[1119]:   File "/usr/lib/python3.6/inspect.py", line 1082, in getargspec
[[0;1;31mFAILED[0m] Failed to start Initial cloud-init job (metadata service crawler).
[   10.940653] cloud-init[1119]:     raise ValueError("Function has keyword-only parameters or annotations"
[   10.943103] See 'systemctl status cloud-init.service' for details.cloud-init
[1119]: ValueError: Function has keyword-only parameters or annotations, use getfullargspec() API which can support them
[[0;32m  OK  [0m] Reached target Cloud-config availability.
[[0;32m  OK  [0m] Reached target Network is Online.
         Starting iSCSI initiator daemon (iscsid)...
[[0;32m  OK  [0m] Reached target System Initialization.
         Starting LXD - unix socket.
[[0;32m  OK  [0m] Listening on ACPID Listen Socket.
         Starting Socket activation for snappy daemon.
[[0;32m  OK  [0m] Listening on UUID daemon activation socket.
[[0;32m  OK  [0m] Listening on D-Bus System Message Bus Socket.
[[0;32m  OK  [0m] Started Message of the Day.
[[0;32m  OK  [0m] Started Daily apt download activities.
[[0;32m  OK  [0m] Started Daily apt upgrade and clean activities.
[[0;32m  OK  [0m] Started ACPI Events Check.
[[0;32m  OK  [0m] Reached target Paths.
[[0;32m  OK  [0m] Started Daily Cleanup of Temporary Directories.
[[0;32m  OK  [0m] Reached target Timers.
[[0;32m  OK  [0m] Listening on LXD - unix socket.
[[0;32m  OK  [0m] Listening on Socket activation for snappy daemon.
[[0;32m  OK  [0m] Reached target Sockets.
[[0;32m  OK  [0m] Reached target Basic System.
[[0;32m  OK  [0m] Started Deferred execution scheduler.
[[0;32m  OK  [0m] Started FUSE filesystem for LXC.
         Starting OpenBSD Secure Shell server...
[[0;32m  OK  [0m] Started Regular background program processing daemon.
         Starting Accounts Service...
         Starting Virtualbox guest utils...
         Starting LSB: Record successful boot for GRUB...
         Starting LSB: MD monitoring daemon...
[[0;32m  OK  [0m] Started D-Bus System Message Bus.
         Starting /etc/rc.local Compatibility...
         Starting Login Service...
[[0;32m  OK  [0m] Started ACPI event daemon.
         Starting Snap Daemon...
         Starting System Logging Service...
         Starting LXD - container startup/shutdown...
[[0;32m  OK  [0m] Started iSCSI initiator daemon (iscsid).
[[0;32m  OK  [0m] Started /etc/rc.local Compatibility.
[[0;32m  OK  [0m] Started OpenBSD Secure Shell server.
         Starting Authenticate and Authorize Users to Run Privileged Tasks...
         Starting Login to default iSCSI targets...
[[0;32m  OK  [0m] Started Login Service.
[[0;32m  OK  [0m] Started Unattended Upgrades Shutdown.
[[0;32m  OK  [0m] Started LSB: Record successful boot for GRUB.
[[0;32m  OK  [0m] Started System Logging Service.
[[0;32m  OK  [0m] Started LSB: MD monitoring daemon.
[[0;32m  OK  [0m] Started Login to default iSCSI targets.
[[0;32m  OK  [0m] Reached target Remote File Systems (Pre).
[[0;32m  OK  [0m] Reached target Remote File Systems.
         Starting LSB: daemon to balance interrupts for SMP systems...
         Starting LSB: automatic crash report generation...
         Starting LSB: Set the CPU Frequency Scaling governor to "ondemand"...
         Starting Permit User Sessions...
[[0;32m  OK  [0m] Started Permit User Sessions.
[[0;32m  OK  [0m] Started Authenticate and Authorize Users to Run Privileged Tasks.
[[0;32m  OK  [0m] Started Accounts Service.
         Starting Hold until boot process finishes up...
         Starting Terminate Plymouth Boot Screen...
[[0;32m  OK  [0m] Started Virtualbox guest utils.
[[0;32m  OK  [0m] Started LSB: daemon to balance interrupts for SMP systems.
[[0;32m  OK  [0m] Started LSB: automatic crash report generation.
[[0;32m  OK  [0m] Started LSB: Set the CPU Frequency Scaling governor to "ondemand".
[[0;32m  OK  [0m] Started Hold until boot process finishes up.
[[0;32m  OK  [0m] Started Terminate Plymouth Boot Screen.
[[0;32m  OK  [0m] Started Serial Getty on ttyS0.
[[0;32m  OK  [0m] Started Getty on tty1.
[[0;32m  OK  [0m] Reached target Login Prompts.
         Starting Set console scheme...
[[0;32m  OK  [0m] Started Set console scheme.
[[0;32m  OK  [0m] Started LXD - container startup/shutdown.
[[0;32m  OK  [0m] Started Snap Daemon.
         Starting Wait until snapd is fully seeded...
[[0;32m  OK  [0m] Started Wait until snapd is fully seeded.
[[0;32m  OK  [0m] Reached target Multi-User System.
[[0;32m  OK  [0m] Reached target Graphical Interface.
         Starting Update UTMP about System Runlevel Changes...
         Starting Apply the settings specified in cloud-config...
[[0;32m  OK  [0m] Started Update UTMP about System Runlevel Changes.
[[0;32m  OK  [0m] Created slice User Slice of vagrant.
         Starting User Manager for UID 1000...
[[0;32m  OK  [0m] Started Session 1 of user vagrant.
[[0;32m  OK  [0m] Started User Manager for UID 1000.
[   12.482945] cloud-init[1337]: Traceback (most recent call last):
[   12.484795] cloud-init[1337]:   File "/usr/bin/cloud-init", line 9, in <module>
[   12.492928] cloud-init[1337]:     load_entry_point('cloud-init==20.3', 'console_scripts', 'cloud-init')()
[   12.495168] cloud-init[1337]:   File "/usr/lib/python3/dist-packages/pkg_resources/__init__.py", line 542, in load_entry_point
[   12.498051] cloud-init[1337]:     return get_distribution(dist).load_entry_point(group, name)
[   12.503335] cloud-init[1337]:   File "/usr/lib/python3/dist-packages/pkg_resources/__init__.py", line 2569, in load_entry_point
[   12.508451] cloud-init[1337]:     return ep.load()
[   12.510121] cloud-init[1337]:   File "/usr/lib/python3/dist-packages/pkg_resources/__init__.py", line 2229, in load
[   12.512578] cloud-init[1337]:     return self.resolve()
[   12.524733] cloud-init[1337]:   File "/usr/lib/python3/dist-packages/pkg_resources/__init__.py", line 2235, in resolve
[   12.532505] cloud-init[1337]:     module = __import__(self.module_name, fromlist=['__name__'], level=0)
[   12.534510] cloud-init[1337]:   File "/usr/lib/python3/dist-packages/cloudinit/cmd/main.py", line 29, in <module>
[   12.537060] cloud-init[1337]:     from cloudinit import stages
[[0;1;31mFAILED[0m] Failed to start Apply the settings specified in cloud-config.
See 'systemctl status cloud-config.service' for details.
[   12.538862] cloud-init[1337]:   File "/usr/lib/python3/dist-packages/cloudinit/stages.py", line 19, in <module>
[   12.548127] cloud-init[1337]:     from cloudinit.handlers.cloud_config import CloudConfigPartHandler
[   12.550050] cloud-init[1337]:   File "/usr/lib/python3/dist-packages/cloudinit/handlers/cloud_config.py", line 11, in <module>
[   12.554083] cloud-init[1337]:     import jsonpatch
[   12.556511] cloud-init[1337]:   File "/usr/lib/python3/dist-packages/jsonpatch.py", line 114, in <module>
[   12.558326] cloud-init[1337]:     json.load = get_loadjson()
         Starting Execute cloud user/final scripts...
[   12.575650] cloud-init[1337]:   File "/usr/lib/python3/dist-packages/jsonpatch.py", line 108, in get_loadjson
[   12.585042] cloud-init[1337]:     argspec = inspect.getargspec(json.load)
[   12.587078] cloud-init[1337]:   File "/usr/lib/python3.6/inspect.py", line 1082, in getargspec
[   12.596635] cloud-init[1337]:     raise ValueError("Function has keyword-only parameters or annotations"
[   12.598733] cloud-init[1337]: ValueError: Function has keyword-only parameters or annotations, use getfullargspec() API which can support them
[   12.975862] cloud-init[1406]: Traceback (most recent call last):
[   12.978125] cloud-init[1406]:   File "/usr/bin/cloud-init", line 9, in <module>
[   12.979628] cloud-init[1406]:     load_entry_point('cloud-init==20.3', 'console_scripts', 'cloud-init')()
[   12.981353] cloud-init[1406]:   File "/usr/lib/python3/dist-packages/pkg_resources/__init__.py", line 542, in load_entry_point
[   12.983726] cloud-init[1406]:     return get_distribution(dist).load_entry_point(group, name)
[   12.985534] cloud-init[1406]:   File "/usr/lib/python3/dist-packages/pkg_resources/__init__.py", line 2569, in load_entry_point
[   12.987831] cloud-init[1406]:     return ep.load()
[   12.989152] cloud-init[1406]:   File "/usr/lib/python3/dist-packages/pkg_resources/__init__.py", line 2229, in load
[   12.991282] cloud-init[1406]:     return self.resolve()
[   12.992701] cloud-init[1406]:   File "/usr/lib/python3/dist-packages/pkg_resources/__init__.py", line 2235, in resolve
[   12.994735] cloud-init[1406]:     module = __import__(self.module_name, fromlist=['__name__'], level=0)
[   12.996628] cloud-init[1406]:   File "/usr/lib/python3/dist-packages/cloudinit/cmd/main.py", line 29, in <module>
[   12.998533] cloud-init[1406]:     from cloudinit import stages
[   12.999839] cloud-init[1406]:   File "/usr/lib/python3/dist-packages/cloudinit/stages.py", line 19, in <module>
[   13.002008] cloud-init[1406]:     from cloudinit.handlers.cloud_config import CloudConfigPartHandler
[   13.004155] cloud-init[1406]:   File "/usr/lib/python3/dist-packages/cloudinit/handlers/cloud_config.py", line 11, in <module>
[   13.006405] cloud-init[1406]:     import jsonpatch
[   13.008002] cloud-init[1406]:   File "/usr/lib/python3/dist-packages/jsonpatch.py", line 114, in <module>
[   13.017234] cloud-init[1406]:     json.load = get_loadjson()
[   13.018473] cloud-init[1406]:   File "/usr/lib/python3/dist-packages/jsonpatch.py", line 108, in get_loadjson
[   13.020534] cloud-init[1406]:     argspec = inspect.getargspec(json.load)
[   13.021978] cloud-init[1406]:   File "/usr/lib/python3.6/inspect.py", line 1082, in getargspec
[   13.024480] cloud-init[1406]:     raise ValueError("Function has keyword-only parameters or annotations"
[   13.026510] cloud-init[1406]: ValueError: Function has keyword-only parameters or annotations, use getfullargspec() API which can support them
[[0;1;31mFAILED[0m] Failed to start Execute cloud user/final scripts.
See 'systemctl status cloud-final.service' for details.
[[0;32m  OK  [0m] Reached target Cloud-init target.

Ubuntu 16.04.7 LTS ubuntu-xenial ttyS0

ubuntu-xenial login: 